<?xml version="1.0" encoding="UTF-8"?>
<!-- Generated by org.testng.reporters.JUnitReportReporter -->
<testsuite hostname="admin" failures="0" tests="1" name="com.testcases.LoginTest" time="144.673" errors="0" timestamp="2024-02-22T15:42:48 IST" skipped="0">
  <testcase classname="com.testcases.LoginTest" name="le" time="144.673"/>
  <system-out/>
</testsuite> <!-- com.testcases.LoginTest -->
